<?xml version="1.0" encoding="UTF-8"?>
<testsuite name="com.thenile.vault.ProfileDecoyTest" tests="3" skipped="0" failures="0" errors="0" timestamp="2026-08-30T02:11:04.422Z" hostname="GOAT" time="0.0">
  <properties/>
  <testcase name="testProfileDecoyPinMatching" classname="com.thenile.vault.ProfileDecoyTest" time="0.0"/>
  <testcase name="testDecoyPinMatchingForFallbackCode" classname="com.thenile.vault.ProfileDecoyTest" time="0.0"/>
  <testcase name="testDecoyPinMatchingForSpecificCode" classname="com.thenile.vault.ProfileDecoyTest" time="0.0"/>
  <system-out><![CDATA[]]></system-out>
  <system-err><![CDATA[]]></system-err>
</testsuite>
