<?xml version='1.0' encoding='UTF-8' ?>
<testsuite name="com.thenile.vault.HiddenVolumeDeviceTest" tests="2" failures="0" errors="0" skipped="0" time="10.385" timestamp="2026-09-11T21:32:21" hostname="localhost">
  <properties>
    <property name="device" value="root_test35(AVD) - 15" />
    <property name="flavor" value="xposed" />
    <property name="project" value=":app" />
  </properties>
  <testcase name="hiddenVolumeTwoKeyRoundTripAndWrongKeyRejected" classname="com.thenile.vault.HiddenVolumeDeviceTest" time="5.704" />
  <testcase name="jniEncryptDecryptRoundTrip" classname="com.thenile.vault.HiddenVolumeDeviceTest" time="0.727" />
</testsuite>