<?xml version="1.0" encoding="UTF-8"?>
<testsuite name="com.thenile.vault.ScheduledLockSwitchTest" tests="3" skipped="0" failures="0" errors="0" timestamp="2026-09-12T21:45:02.385Z" hostname="GOAT" time="0.001">
  <properties/>
  <testcase name="equalStartAndEnd_neverInWindow" classname="com.thenile.vault.ScheduledLockSwitchTest" time="0.001"/>
  <testcase name="sameDayWindow_insideAndOutside" classname="com.thenile.vault.ScheduledLockSwitchTest" time="0.0"/>
  <testcase name="overnightWindow_wrapsPastMidnight" classname="com.thenile.vault.ScheduledLockSwitchTest" time="0.0"/>
  <system-out><![CDATA[]]></system-out>
  <system-err><![CDATA[]]></system-err>
</testsuite>
