<?xml version="1.0" encoding="UTF-8"?>
<testsuite name="com.thenile.vault.DeadManSwitchTest" tests="4" skipped="0" failures="0" errors="0" timestamp="2026-09-12T21:45:02.369Z" hostname="GOAT" time="0.002">
  <properties/>
  <testcase name="pastWindow_isExpired" classname="com.thenile.vault.DeadManSwitchTest" time="0.001"/>
  <testcase name="withinWindow_notExpired" classname="com.thenile.vault.DeadManSwitchTest" time="0.0"/>
  <testcase name="neverUnlocked_notExpired" classname="com.thenile.vault.DeadManSwitchTest" time="0.001"/>
  <testcase name="exactlyAtThreshold_isExpired" classname="com.thenile.vault.DeadManSwitchTest" time="0.0"/>
  <system-out><![CDATA[]]></system-out>
  <system-err><![CDATA[]]></system-err>
</testsuite>
