<?xml version="1.0" encoding="UTF-8"?>
<testsuite name="com.thenile.vault.HiddenVolumeTest" tests="3" skipped="0" failures="0" errors="0" timestamp="2026-09-12T21:45:02.382Z" hostname="GOAT" time="0.002">
  <properties/>
  <testcase name="hiddenStartsInBackHalfAnd512Aligned" classname="com.thenile.vault.HiddenVolumeTest" time="0.001"/>
  <testcase name="decoyAlwaysStartsAtZero" classname="com.thenile.vault.HiddenVolumeTest" time="0.0"/>
  <testcase name="hiddenBelowDecoyEndSoTheyDontInvert" classname="com.thenile.vault.HiddenVolumeTest" time="0.001"/>
  <system-out><![CDATA[]]></system-out>
  <system-err><![CDATA[]]></system-err>
</testsuite>
