<?xml version="1.0" encoding="UTF-8"?>
<testsuite name="com.thenile.vault.AppDataVaultTest" tests="3" skipped="0" failures="0" errors="0" timestamp="2026-09-12T21:45:02.228Z" hostname="GOAT" time="0.049">
  <properties/>
  <testcase name="tarExtract_restoresToSameUserDir" classname="com.thenile.vault.AppDataVaultTest" time="0.04"/>
  <testcase name="tarCreate_anchorsToUserDirAndExcludesThrowaways" classname="com.thenile.vault.AppDataVaultTest" time="0.006"/>
  <testcase name="parseApkPaths_keepsBaseAndSplitsDropsNoise" classname="com.thenile.vault.AppDataVaultTest" time="0.002"/>
  <system-out><![CDATA[]]></system-out>
  <system-err><![CDATA[]]></system-err>
</testsuite>
