<?xml version="1.0" encoding="UTF-8"?>
<testsuite name="com.thenile.vault.ScreenOffSwitchTest" tests="2" skipped="0" failures="0" errors="0" timestamp="2026-09-12T21:45:02.388Z" hostname="GOAT" time="0.001">
  <properties/>
  <testcase name="positiveTimeout_convertsToMillis" classname="com.thenile.vault.ScreenOffSwitchTest" time="0.001"/>
  <testcase name="zeroOrNegativeTimeout_disables" classname="com.thenile.vault.ScreenOffSwitchTest" time="0.0"/>
  <system-out><![CDATA[]]></system-out>
  <system-err><![CDATA[]]></system-err>
</testsuite>
