<?xml version="1.0" encoding="UTF-8"?>
<testsuite name="com.thenile.vault.GeofenceSwitchTest" tests="4" skipped="0" failures="0" errors="0" timestamp="2026-09-12T21:45:02.377Z" hostname="GOAT" time="0.003">
  <properties/>
  <testcase name="pointWellOutside_isOutside" classname="com.thenile.vault.GeofenceSwitchTest" time="0.003"/>
  <testcase name="sameSpot_isInside" classname="com.thenile.vault.GeofenceSwitchTest" time="0.0"/>
  <testcase name="pointJustInside_isInside" classname="com.thenile.vault.GeofenceSwitchTest" time="0.0"/>
  <testcase name="largerRadiusContainsFartherPoint" classname="com.thenile.vault.GeofenceSwitchTest" time="0.0"/>
  <system-out><![CDATA[]]></system-out>
  <system-err><![CDATA[]]></system-err>
</testsuite>
