<?xml version="1.0" encoding="UTF-8"?>
<testsuite name="com.thenile.vault.DeviceTamperSwitchTest" tests="4" skipped="0" failures="0" errors="0" timestamp="2026-09-12T21:45:02.373Z" hostname="GOAT" time="0.002">
  <properties/>
  <testcase name="noBaseline_neverCountsAsChange" classname="com.thenile.vault.DeviceTamperSwitchTest" time="0.001"/>
  <testcase name="sameSim_notChanged" classname="com.thenile.vault.DeviceTamperSwitchTest" time="0.0"/>
  <testcase name="removedSim_isChanged" classname="com.thenile.vault.DeviceTamperSwitchTest" time="0.0"/>
  <testcase name="swappedSim_isChanged" classname="com.thenile.vault.DeviceTamperSwitchTest" time="0.001"/>
  <system-out><![CDATA[]]></system-out>
  <system-err><![CDATA[]]></system-err>
</testsuite>
