<?xml version="1.0" encoding="UTF-8"?>
<testsuite name="com.thenile.vault.ConfigTest" tests="3" skipped="0" failures="0" errors="0" timestamp="2026-09-12T17:09:33.597Z" hostname="GOAT" time="0.005">
  <properties/>
  <testcase name="testTargetPackages" classname="com.thenile.vault.ConfigTest" time="0.005"/>
  <testcase name="testHiddenPackagesIncludesSelfAndTargets" classname="com.thenile.vault.ConfigTest" time="0.0"/>
  <testcase name="testSecretCodes" classname="com.thenile.vault.ConfigTest" time="0.0"/>
  <system-out><![CDATA[]]></system-out>
  <system-err><![CDATA[]]></system-err>
</testsuite>
