<?xml version="1.0" encoding="UTF-8"?>
<testsuite name="com.thenile.vault.VaultDecoyTest" tests="3" skipped="0" failures="0" errors="0" timestamp="2026-09-12T17:09:33.615Z" hostname="GOAT" time="0.001">
  <properties/>
  <testcase name="testDecoyPinMatchingForFallbackCode" classname="com.thenile.vault.VaultDecoyTest" time="0.001"/>
  <testcase name="testDecoyPinMatchingForSpecificCode" classname="com.thenile.vault.VaultDecoyTest" time="0.0"/>
  <testcase name="testVaultDecoyPinMatching" classname="com.thenile.vault.VaultDecoyTest" time="0.0"/>
  <system-out><![CDATA[]]></system-out>
  <system-err><![CDATA[]]></system-err>
</testsuite>
