<?xml version="1.0" encoding="UTF-8"?>
<testsuite name="com.thenile.vault.SoftVaultTest" tests="5" skipped="0" failures="0" errors="0" timestamp="2026-09-12T17:09:33.611Z" hostname="GOAT" time="0.003">
  <properties/>
  <testcase name="toleratesTrailingSlashOnRequestedDirectory" classname="com.thenile.vault.SoftVaultTest" time="0.001"/>
  <testcase name="unrelatedPathDoesNotMatch" classname="com.thenile.vault.SoftVaultTest" time="0.0"/>
  <testcase name="fileInsideRequestedDirectory" classname="com.thenile.vault.SoftVaultTest" time="0.0"/>
  <testcase name="doesNotMatchSiblingDirectoryWithSharedPrefix" classname="com.thenile.vault.SoftVaultTest" time="0.0"/>
  <testcase name="fileListedDirectly" classname="com.thenile.vault.SoftVaultTest" time="0.0"/>
  <system-out><![CDATA[]]></system-out>
  <system-err><![CDATA[]]></system-err>
</testsuite>
