<?xml version="1.0" encoding="UTF-8"?>
<testsuite name="com.thenile.vault.WrongPinSwitchTest" tests="4" skipped="0" failures="0" errors="0" timestamp="2026-09-12T17:09:33.618Z" hostname="GOAT" time="0.002">
  <properties/>
  <testcase name="zeroLimit_disabled_neverExpires" classname="com.thenile.vault.WrongPinSwitchTest" time="0.001"/>
  <testcase name="pastLimit_isExpired" classname="com.thenile.vault.WrongPinSwitchTest" time="0.0"/>
  <testcase name="belowLimit_notExpired" classname="com.thenile.vault.WrongPinSwitchTest" time="0.001"/>
  <testcase name="atLimit_isExpired" classname="com.thenile.vault.WrongPinSwitchTest" time="0.0"/>
  <system-out><![CDATA[]]></system-out>
  <system-err><![CDATA[]]></system-err>
</testsuite>
